<?xml version="1.0" encoding="UTF-8"?>
<!-- Generated by org.testng.reporters.JUnitReportReporter -->
<testsuite skipped="0" hostname="LAPTOP-04MOMSC6" name="com.qa.test.Exercise1" tests="2" failures="0" timestamp="2020-04-10T01:26:34 IST" time="15.566" errors="0">
  <testcase name="searchValidataion" time="15.521" classname="com.qa.test.Exercise1"/>
  <system-out/>
  <testcase name="pageValidation" time="0.045" classname="com.qa.test.Exercise1"/>
  <system-out/>
</testsuite> <!-- com.qa.test.Exercise1 -->
