<?xml version="1.0" encoding="UTF-8"?>
<!-- Generated by org.testng.reporters.JUnitReportReporter -->
<testsuite skipped="0" hostname="LAPTOP-04MOMSC6" name="com.qa.test.test1" tests="1" failures="0" timestamp="2020-04-12T13:56:02 IST" time="21.482" errors="0">
  <testcase name="main_page" time="21.482" classname="com.qa.test.test1"/>
  <system-out/>
</testsuite> <!-- com.qa.test.test1 -->
