<?xml version="1.0" encoding="UTF-8"?>
<!-- Generated by org.testng.reporters.JUnitReportReporter -->
<testsuite skipped="0" hostname="LAPTOP-04MOMSC6" name="com.qa.testcases.TC01_GET_Request" tests="2" failures="0" timestamp="2020-04-05T22:08:41 IST" time="6.703" errors="0">
  <testcase name="test1SyntaxValidation" time="6.141" classname="com.qa.testcases.TC01_GET_Request"/>
  <system-out/>
  <testcase name="test2technicalResponseValidations" time="0.562" classname="com.qa.testcases.TC01_GET_Request"/>
  <system-out/>
</testsuite> <!-- com.qa.testcases.TC01_GET_Request -->
